2025-01-10T05:22:49.060Z [INFO]: Time for generating Incident_Id
2025-01-10T05:22:49.143Z [INFO]: Time for saving Incident_log
2025-01-10T05:22:49.145Z [INFO]: Time for external API call
2025-01-10T05:22:49.278Z [INFO]: Time for creating task
2025-01-10T05:22:49.279Z [INFO]: Total API execution time
2025-01-10T05:36:22.045Z [INFO]: Time for generating Incident_Id
2025-01-10T05:36:22.230Z [INFO]: Time for saving Incident_log
2025-01-10T05:36:22.231Z [INFO]: Time for external API call
2025-01-10T05:36:22.411Z [INFO]: Time for creating task
2025-01-10T05:36:22.412Z [INFO]: Total API execution time
2025-01-12T07:45:11.260Z [INFO]: Time for generating Incident_Id
2025-01-12T07:45:11.591Z [INFO]: Time for saving Incident_log
2025-01-12T07:45:11.594Z [INFO]: Time for external API call
2025-01-12T07:45:11.857Z [ERROR]: Unexpected error during incident creation
2025-01-12T07:46:49.370Z [INFO]: Time for generating Incident_Id
2025-01-12T07:46:49.866Z [INFO]: Time for saving Incident_log
2025-01-12T07:46:49.868Z [INFO]: Time for external API call
2025-01-12T07:46:50.638Z [INFO]: Time for creating task
2025-01-12T07:46:50.639Z [INFO]: Total API execution time: 2025-01-12T07:46:48.493Z - 2025-01-12T07:46:50.639Z
2025-01-12T08:06:42.147Z [INFO]: Time for generating Incident_Id: 2025-01-12T08:06:42.034Z - 2025-01-12T08:06:42.146Z
2025-01-12T08:06:42.276Z [INFO]: Time for saving Incident_log: 2025-01-12T08:06:42.150Z - 2025-01-12T08:06:42.276Z
2025-01-12T08:06:42.278Z [INFO]: Time for external API call: 2025-01-12T08:06:42.276Z - 2025-01-12T08:06:42.278Z
2025-01-12T08:06:42.514Z [INFO]: Time for creating task: 2025-01-12T08:06:42.278Z - 2025-01-12T08:06:42.514Z
2025-01-12T08:06:42.515Z [INFO]: Total API execution time: 2025-01-12T08:06:42.033Z - 2025-01-12T08:06:42.515Z
2025-01-12T08:15:08.433Z [INFO]: Time for generating Incident_Id: 2025-01-12T08:15:08.254Z - 2025-01-12T08:15:08.431Z
2025-01-12T08:15:08.563Z [INFO]: Time for saving Incident_log: 2025-01-12T08:15:08.435Z - 2025-01-12T08:15:08.563Z
2025-01-12T08:15:08.564Z [INFO]: Time for external API call: 2025-01-12T08:15:08.563Z - 2025-01-12T08:15:08.564Z
2025-01-12T08:15:08.823Z [INFO]: Time for creating task: 2025-01-12T08:15:08.564Z - 2025-01-12T08:15:08.822Z
2025-01-12T08:15:08.823Z [INFO]: Total API execution time: 2025-01-12T08:15:08.254Z - 2025-01-12T08:15:08.823Z
2025-01-12T08:18:55.925Z [INFO]: Time for generating Incident_Id: 2025-01-12T08:18:55.790Z - 2025-01-12T08:18:55.923Z
Elapsed: 133ms
2025-01-12T08:18:56.052Z [INFO]: Time for saving Incident_log: 2025-01-12T08:18:55.928Z - 2025-01-12T08:18:56.052Z
Elapsed: 124ms
2025-01-12T08:18:56.055Z [INFO]: Time for external API call: 2025-01-12T08:18:56.053Z - 2025-01-12T08:18:56.055Z
Elapsed: 2ms
2025-01-12T08:18:56.292Z [INFO]: Time for creating task: 2025-01-12T08:18:56.055Z - 2025-01-12T08:18:56.292Z
Elapsed: 237ms
2025-01-12T08:18:56.293Z [INFO]: Total API execution time: 2025-01-12T08:18:55.789Z - 2025-01-12T08:18:56.293Z
Elapsed: 504ms
2025-01-12T08:23:35.252Z [INFO]: Time for generating Incident_Id: 2025-01-12T08:23:35.137Z - 2025-01-12T08:23:35.252Z
Elapsed: 115ms
2025-01-12T08:23:35.407Z [INFO]: Time for saving Incident_log: 2025-01-12T08:23:35.252Z - 2025-01-12T08:23:35.407Z
Elapsed: 155ms
2025-01-12T08:23:35.409Z [INFO]: Time for external API call: 2025-01-12T08:23:35.408Z - 2025-01-12T08:23:35.409Z
Elapsed: 1ms
2025-01-12T08:23:35.645Z [INFO]: Time for creating task: 2025-01-12T08:23:35.409Z - 2025-01-12T08:23:35.645Z
Elapsed: 236ms
2025-01-12T08:23:35.646Z [INFO]: Total API execution time: 2025-01-12T08:23:35.137Z - 2025-01-12T08:23:35.646Z
Elapsed: 509ms
2025-01-12T10:08:31.983Z [INFO]: Time for generating Incident_Id: 2025-01-12T10:08:29.172Z - 2025-01-12T10:08:31.983Z
Elapsed: 2811ms
2025-01-12T10:08:32.125Z [INFO]: Time for saving Incident_log: 2025-01-12T10:08:31.984Z - 2025-01-12T10:08:32.125Z
Elapsed: 141ms
2025-01-12T10:08:32.126Z [INFO]: Time for external API call: 2025-01-12T10:08:32.126Z - 2025-01-12T10:08:32.126Z
Elapsed: 0ms
2025-01-12T10:08:32.543Z [INFO]: Time for creating task: 2025-01-12T10:08:32.127Z - 2025-01-12T10:08:32.543Z
Elapsed: 416ms
2025-01-12T10:08:32.544Z [INFO]: Total API execution time: 2025-01-12T10:08:29.172Z - 2025-01-12T10:08:32.544Z
Elapsed: 3372ms
2025-01-12T10:33:54.077Z [INFO]: Time for generating Incident_Id: 2025-01-12T10:33:53.501Z - 2025-01-12T10:33:54.074Z
Elapsed: 573ms
2025-01-12T10:33:54.469Z [INFO]: Time for saving Incident_log: 2025-01-12T10:33:54.080Z - 2025-01-12T10:33:54.468Z
Elapsed: 388ms
2025-01-12T10:33:54.471Z [INFO]: Time for external API call: 2025-01-12T10:33:54.470Z - 2025-01-12T10:33:54.471Z
Elapsed: 1ms
2025-01-12T10:33:55.084Z [INFO]: Time for creating task: 2025-01-12T10:33:54.471Z - 2025-01-12T10:33:55.084Z
Elapsed: 613ms
2025-01-12T10:33:55.085Z [INFO]: Total API execution time: 2025-01-12T10:33:53.501Z - 2025-01-12T10:33:55.085Z
Elapsed: 1584ms
2025-01-12T10:34:26.843Z [INFO]: Time for generating Incident_Id: 2025-01-12T10:34:26.742Z - 2025-01-12T10:34:26.843Z
Elapsed: 101ms
2025-01-12T10:34:26.949Z [INFO]: Time for saving Incident_log: 2025-01-12T10:34:26.844Z - 2025-01-12T10:34:26.949Z
Elapsed: 105ms
2025-01-12T10:34:26.950Z [INFO]: Time for external API call: 2025-01-12T10:34:26.950Z - 2025-01-12T10:34:26.950Z
Elapsed: 0ms
2025-01-12T10:34:27.200Z [INFO]: Time for creating task: 2025-01-12T10:34:26.951Z - 2025-01-12T10:34:27.200Z
Elapsed: 249ms
2025-01-12T10:34:27.201Z [INFO]: Total API execution time: 2025-01-12T10:34:26.742Z - 2025-01-12T10:34:27.201Z
Elapsed: 459ms
2025-01-12T10:35:46.423Z [INFO]: Time for generating Incident_Id: 2025-01-12T10:35:46.211Z - 2025-01-12T10:35:46.422Z
Elapsed: 211ms
2025-01-12T10:35:46.579Z [INFO]: Time for saving Incident_log: 2025-01-12T10:35:46.425Z - 2025-01-12T10:35:46.578Z
Elapsed: 153ms
2025-01-12T10:35:46.580Z [INFO]: Time for external API call: 2025-01-12T10:35:46.579Z - 2025-01-12T10:35:46.580Z
Elapsed: 1ms
2025-01-12T10:35:47.491Z [INFO]: Time for creating task: 2025-01-12T10:35:46.581Z - 2025-01-12T10:35:47.491Z
Elapsed: 910ms
2025-01-12T10:35:47.492Z [INFO]: Total API execution time: 2025-01-12T10:35:46.211Z - 2025-01-12T10:35:47.492Z
Elapsed: 1281ms
2025-01-12T10:36:11.426Z [INFO]: Time for generating Incident_Id: 2025-01-12T10:36:10.305Z - 2025-01-12T10:36:11.422Z
Elapsed: 1117ms
2025-01-12T10:36:11.587Z [INFO]: Time for saving Incident_log: 2025-01-12T10:36:11.430Z - 2025-01-12T10:36:11.587Z
Elapsed: 157ms
2025-01-12T10:36:11.593Z [INFO]: Time for external API call: 2025-01-12T10:36:11.589Z - 2025-01-12T10:36:11.592Z
Elapsed: 3ms
2025-01-12T10:36:11.870Z [INFO]: Time for creating task: 2025-01-12T10:36:11.594Z - 2025-01-12T10:36:11.870Z
Elapsed: 276ms
2025-01-12T10:36:11.872Z [INFO]: Total API execution time: 2025-01-12T10:36:10.305Z - 2025-01-12T10:36:11.872Z
Elapsed: 1567ms
2025-01-12T10:36:25.653Z [INFO]: Time for generating Incident_Id: 2025-01-12T10:36:25.523Z - 2025-01-12T10:36:25.653Z
Elapsed: 130ms
2025-01-12T10:36:25.826Z [INFO]: Time for saving Incident_log: 2025-01-12T10:36:25.653Z - 2025-01-12T10:36:25.826Z
Elapsed: 173ms
2025-01-12T10:36:25.828Z [INFO]: Time for external API call: 2025-01-12T10:36:25.827Z - 2025-01-12T10:36:25.828Z
Elapsed: 1ms
2025-01-12T10:36:26.146Z [INFO]: Time for creating task: 2025-01-12T10:36:25.829Z - 2025-01-12T10:36:26.146Z
Elapsed: 317ms
2025-01-12T10:36:26.147Z [INFO]: Total API execution time: 2025-01-12T10:36:25.523Z - 2025-01-12T10:36:26.147Z
Elapsed: 624ms
2025-01-12T11:20:56.338Z [INFO]: Time for generating Incident_Id: 2025-01-12T11:20:56.184Z - 2025-01-12T11:20:56.337Z
Elapsed: 153ms
2025-01-12T11:20:56.463Z [INFO]: Time for saving Incident_log: 2025-01-12T11:20:56.339Z - 2025-01-12T11:20:56.463Z
Elapsed: 124ms
2025-01-12T11:20:56.465Z [INFO]: Time for external API call: 2025-01-12T11:20:56.464Z - 2025-01-12T11:20:56.465Z
Elapsed: 1ms
2025-01-12T11:20:56.714Z [INFO]: Time for creating task: 2025-01-12T11:20:56.465Z - 2025-01-12T11:20:56.714Z
Elapsed: 249ms
2025-01-12T11:20:56.715Z [INFO]: Total API execution time: 2025-01-12T11:20:56.184Z - 2025-01-12T11:20:56.715Z
Elapsed: 531ms
2025-01-17T05:45:05.529Z [INFO]: Time for generating Incident_Id: 2025-01-17T05:45:05.413Z - 2025-01-17T05:45:05.526Z
Elapsed: 113ms
2025-01-17T05:45:05.683Z [INFO]: Time for saving Incident_log: 2025-01-17T05:45:05.535Z - 2025-01-17T05:45:05.683Z
Elapsed: 148ms
2025-01-17T05:45:05.689Z [INFO]: Time for external API call: 2025-01-17T05:45:05.685Z - 2025-01-17T05:45:05.688Z
Elapsed: 3ms
2025-01-17T05:45:05.897Z [INFO]: Time for creating task: 2025-01-17T05:45:05.690Z - 2025-01-17T05:45:05.897Z
Elapsed: 207ms
2025-01-17T05:45:05.899Z [INFO]: Total API execution time: 2025-01-17T05:45:05.412Z - 2025-01-17T05:45:05.899Z
Elapsed: 487ms
2025-01-17T05:54:13.019Z [INFO]: Time for generating Incident_Id: 2025-01-17T05:54:12.894Z - 2025-01-17T05:54:13.012Z
Elapsed: 118ms
